2025-05-21 20:05:54.124 [main] INFO  com.quanxiaoha.xiaohashu.auth.DruidTests - Starting DruidTests using Java 17.0.11 with PID 9780 (started by 29567 in D:\xiaohashu-project\xiaohashu\xiaohashu-auth)
2025-05-21 20:05:54.125 [main] INFO  com.quanxiaoha.xiaohashu.auth.DruidTests - The following 1 profile is active: "dev"
2025-05-21 20:05:55.372 [main] INFO  c.a.d.s.b.a.DruidDataSourceAutoConfigure - Init DruidDataSource
2025-05-21 20:05:55.827 [main] INFO  com.alibaba.druid.pool.DruidDataSource - {dataSource-1} inited
2025-05-21 20:05:56.359 [main] INFO  com.quanxiaoha.xiaohashu.auth.DruidTests - Started DruidTests in 2.538 seconds (process running for 3.159)
2025-05-21 20:05:57.075 [main] INFO  com.quanxiaoha.xiaohashu.auth.DruidTests - privateKey: MIIBVgIBADANBgkqhkiG9w0BAQEFAASCAUAwggE8AgEAAkEAlz9oHlKEe9lft34Zo7NDK5YQo5WhIz25lNCOhDbUmxF0GCljBgvRihqZ/2Vs63p7N1AxJR0ek04EcJagJJkDSQIDAQABAkAOq4IhL8qFGzlJGlBpE/v7xClOvpaDrSrdC+oI2asfM6jhtNpNICptqqrUCKmQNpohO9P1+8yeE+X0womR9/+BAiEAxJeSFqHhxgddePdIzzb+f8W8YrvgCuFu023Rhvg0tYECIQDE8/qJIPcShRiPEw5rwvIZV8YwomKuySyUX3ag2QEByQIhAJ1qdMr0kvFbomgjMkTiV0T+k4tHvu1Xd8OKsvTtOF+BAiEAp5FpFGi+rbwdtAUjnN3E+3jpf5F5Ynp4+lfqZ1mZ+LkCIQCDQBlqXqcCmIlyzUB3cVwh3twmFGAlvwDPI3SLjBmzSg==
2025-05-21 20:05:57.082 [main] INFO  com.quanxiaoha.xiaohashu.auth.DruidTests - publicKey: MFwwDQYJKoZIhvcNAQEBBQADSwAwSAJBAJc/aB5ShHvZX7d+GaOzQyuWEKOVoSM9uZTQjoQ21JsRdBgpYwYL0Yoamf9lbOt6ezdQMSUdHpNOBHCWoCSZA0kCAwEAAQ==
2025-05-21 20:05:57.084 [main] INFO  com.quanxiaoha.xiaohashu.auth.DruidTests - password: aLBADC5apVfc+tYDoEt0OC/P4JdudPIIZgKLU9eL9RwOpgjnOelaeilM/OjVVLDQvCbPOJBJru0Z8QI29Dj07g==
2025-05-21 20:05:57.122 [main] INFO  o.s.t.c.support.AnnotationConfigContextLoaderUtils - Could not detect default configuration classes for test class [com.quanxiaoha.xiaohashu.auth.XiaohashuAuthApplicationTests]: XiaohashuAuthApplicationTests does not declare any static, non-private, non-final, nested classes annotated with @Configuration.
2025-05-21 20:05:57.134 [main] INFO  o.s.b.t.context.SpringBootTestContextBootstrapper - Found @SpringBootConfiguration com.quanxiaoha.xiaohashu.auth.XiaohashuAuthApplication for test class com.quanxiaoha.xiaohashu.auth.XiaohashuAuthApplicationTests
2025-05-21 20:05:57.194 [main] DEBUG c.q.x.a.d.mapper.UserDOMapper.deleteByPrimaryKey - ==>  Preparing: delete from t_user where id = ?
2025-05-21 20:05:57.302 [main] DEBUG c.q.x.a.d.mapper.UserDOMapper.deleteByPrimaryKey - ==> Parameters: 1(Long)
2025-05-21 20:05:57.305 [main] DEBUG c.q.x.a.d.mapper.UserDOMapper.deleteByPrimaryKey - <==    Updates: 0
2025-05-21 20:05:57.311 [main] DEBUG c.q.x.auth.domain.mapper.UserDOMapper.insert - ==>  Preparing: insert into t_user (id, username, create_time, update_time) values (?, ?, ?, ?)
2025-05-21 20:05:57.371 [main] DEBUG c.q.x.auth.domain.mapper.UserDOMapper.insert - ==> Parameters: null, 犬小哈(String), 2025-05-21 20:05:57.311(Timestamp), 2025-05-21 20:05:57.311(Timestamp)
2025-05-21 20:05:57.392 [main] DEBUG c.q.x.auth.domain.mapper.UserDOMapper.insert - <==    Updates: 1
2025-05-21 20:05:57.398 [main] DEBUG c.q.x.a.d.mapper.UserDOMapper.selectByPrimaryKey - ==>  Preparing: select id, username, create_time, update_time from t_user where id = ?
2025-05-21 20:05:57.405 [main] DEBUG c.q.x.a.d.mapper.UserDOMapper.selectByPrimaryKey - ==> Parameters: 2(Long)
2025-05-21 20:05:57.419 [main] DEBUG c.q.x.a.d.mapper.UserDOMapper.selectByPrimaryKey - <==      Total: 1
2025-05-21 20:05:57.447 [main] INFO  c.q.xiaohashu.auth.XiaohashuAuthApplicationTests - User: {"id":2,"username":"犬小哈","createTime":1747749515000,"updateTime":1747749515000}
2025-05-21 20:05:57.458 [SpringApplicationShutdownHook] INFO  com.alibaba.druid.pool.DruidDataSource - {dataSource-1} closing ...
2025-05-21 20:05:57.463 [SpringApplicationShutdownHook] INFO  com.alibaba.druid.pool.DruidDataSource - {dataSource-1} closed
2025-05-21 20:09:08.188 [main] INFO  com.quanxiaoha.xiaohashu.auth.DruidTests - Starting DruidTests using Java 17.0.11 with PID 22168 (started by 29567 in D:\xiaohashu-project\xiaohashu\xiaohashu-auth)
2025-05-21 20:09:08.190 [main] INFO  com.quanxiaoha.xiaohashu.auth.DruidTests - The following 1 profile is active: "dev"
2025-05-21 20:09:09.771 [main] INFO  c.a.d.s.b.a.DruidDataSourceAutoConfigure - Init DruidDataSource
2025-05-21 20:09:10.277 [main] INFO  com.alibaba.druid.pool.DruidDataSource - {dataSource-1} inited
2025-05-21 20:09:10.773 [main] INFO  com.quanxiaoha.xiaohashu.auth.DruidTests - Started DruidTests in 2.908 seconds (process running for 3.657)
2025-05-21 20:09:11.488 [main] INFO  com.quanxiaoha.xiaohashu.auth.DruidTests - privateKey: MIIBVAIBADANBgkqhkiG9w0BAQEFAASCAT4wggE6AgEAAkEAk8cHJk1MAz39mMY2rq3ojUAOivudNasx4bcdOb5OdrVjBKhZYNA4ECai1mvqiltopEa0OeoMdy/QO+S0FsNWZQIDAQABAkAJ8B6OTYXJH11zQrvhWhdY4xqXRNM5DWmYsQR+zPTgjWN8YWBqSUL3nrRCsIvn33X22fpNkSkl0c0EiQuvfWkBAiEAnY8gvA9h7r743HvPs/f31uyXaWykRGDySsoNFy0rySECIQDwG17U1AZRoVEFHvfWNCxSCcgV5Ls6CA0bcHu1qg+QxQIgb6qxGJgOYJcY6asWWga0sK6d4SoOgifzkO4CuRpangECIQCUh4nxRDuocY8qCM8tbdbg5PYmPPlo26QoDjwo08uPNQIgOaznnUvEbw4WHOAkhpBwfNdDjinF7IcOFz3O2W9e+pA=
2025-05-21 20:09:11.493 [main] INFO  com.quanxiaoha.xiaohashu.auth.DruidTests - publicKey: MFwwDQYJKoZIhvcNAQEBBQADSwAwSAJBAJPHByZNTAM9/ZjGNq6t6I1ADor7nTWrMeG3HTm+Tna1YwSoWWDQOBAmotZr6opbaKRGtDnqDHcv0DvktBbDVmUCAwEAAQ==
2025-05-21 20:09:11.496 [main] INFO  com.quanxiaoha.xiaohashu.auth.DruidTests - password: LBCfdiE4ZffGn/k3QkV79PQIBA+nGXEU7hF+V2e9ni8qwrw3g/WvGIQ5FG3G9Yriz86mi8X6Fm3O0Squ3P9L2A==
2025-05-21 20:09:11.527 [main] INFO  o.s.t.c.support.AnnotationConfigContextLoaderUtils - Could not detect default configuration classes for test class [com.quanxiaoha.xiaohashu.auth.XiaohashuAuthApplicationTests]: XiaohashuAuthApplicationTests does not declare any static, non-private, non-final, nested classes annotated with @Configuration.
2025-05-21 20:09:11.530 [main] INFO  o.s.b.t.context.SpringBootTestContextBootstrapper - Found @SpringBootConfiguration com.quanxiaoha.xiaohashu.auth.XiaohashuAuthApplication for test class com.quanxiaoha.xiaohashu.auth.XiaohashuAuthApplicationTests
2025-05-21 20:09:11.595 [main] DEBUG c.q.x.a.d.mapper.UserDOMapper.deleteByPrimaryKey - ==>  Preparing: delete from t_user where id = ?
2025-05-21 20:09:11.714 [main] DEBUG c.q.x.a.d.mapper.UserDOMapper.deleteByPrimaryKey - ==> Parameters: 1(Long)
2025-05-21 20:09:11.720 [main] DEBUG c.q.x.a.d.mapper.UserDOMapper.deleteByPrimaryKey - <==    Updates: 0
2025-05-21 20:09:11.727 [main] DEBUG c.q.x.auth.domain.mapper.UserDOMapper.insert - ==>  Preparing: insert into t_user (id, username, create_time, update_time) values (?, ?, ?, ?)
2025-05-21 20:09:11.786 [main] DEBUG c.q.x.auth.domain.mapper.UserDOMapper.insert - ==> Parameters: null, 犬小哈(String), 2025-05-21 20:09:11.727(Timestamp), 2025-05-21 20:09:11.727(Timestamp)
2025-05-21 20:09:11.795 [main] DEBUG c.q.x.auth.domain.mapper.UserDOMapper.insert - <==    Updates: 1
2025-05-21 20:09:11.803 [main] DEBUG c.q.x.a.d.mapper.UserDOMapper.selectByPrimaryKey - ==>  Preparing: select id, username, create_time, update_time from t_user where id = ?
2025-05-21 20:09:11.807 [main] DEBUG c.q.x.a.d.mapper.UserDOMapper.selectByPrimaryKey - ==> Parameters: 2(Long)
2025-05-21 20:09:11.821 [main] DEBUG c.q.x.a.d.mapper.UserDOMapper.selectByPrimaryKey - <==      Total: 1
2025-05-21 20:09:11.851 [main] INFO  c.q.xiaohashu.auth.XiaohashuAuthApplicationTests - User: {"id":2,"username":"犬小哈","createTime":1747749515000,"updateTime":1747749515000}
2025-05-21 20:09:11.871 [SpringApplicationShutdownHook] INFO  com.alibaba.druid.pool.DruidDataSource - {dataSource-1} closing ...
2025-05-21 20:09:11.879 [SpringApplicationShutdownHook] INFO  com.alibaba.druid.pool.DruidDataSource - {dataSource-1} closed
2025-05-21 20:09:25.651 [main] INFO  com.quanxiaoha.xiaohashu.auth.DruidTests - Starting DruidTests using Java 17.0.11 with PID 8960 (started by 29567 in D:\xiaohashu-project\xiaohashu\xiaohashu-auth)
2025-05-21 20:09:25.652 [main] INFO  com.quanxiaoha.xiaohashu.auth.DruidTests - The following 1 profile is active: "dev"
2025-05-21 20:09:27.014 [main] INFO  c.a.d.s.b.a.DruidDataSourceAutoConfigure - Init DruidDataSource
2025-05-21 20:09:27.507 [main] INFO  com.alibaba.druid.pool.DruidDataSource - {dataSource-1} inited
2025-05-21 20:09:27.997 [main] INFO  com.quanxiaoha.xiaohashu.auth.DruidTests - Started DruidTests in 2.656 seconds (process running for 3.317)
2025-05-21 20:09:28.640 [main] INFO  com.quanxiaoha.xiaohashu.auth.DruidTests - privateKey: MIIBUwIBADANBgkqhkiG9w0BAQEFAASCAT0wggE5AgEAAkEAp8JgTfKCjaiAmA3kkShlAGU8qIEeSh3BrUUJh56DeGJUUkd0+HoT+hamVClfA733T/Mx88AAUKh/GZUJuuICAwIDAQABAkA9OHmlqH0NTjNTiiph8NBfIxLOWYRgvtg5r8qJBAdtbDjPL2N2RmdwsqHD+B27u+v27Y/yl+AD6+SgQmjTyWItAiEA5fY173mjwNsBUKf3mGDS8zorSIbGOVtDh/TDsDk3WacCIQC6wSHzTLvQbPV207ARtFpglaIpFIU/eH8wgSIcFH1oRQIgVBnXX918petyb6z+QBwpCgscCUpA9HkMGYzKhIhoVcECIEPqIkeRWyezyBxbZUc6+Dbxk5Qu4zouvspL27SseuKlAiBD5LZdI4Ad9zZDxa3zX3Sz7cMSpVkrTvxqzlc8vSXXIQ==
2025-05-21 20:09:28.647 [main] INFO  com.quanxiaoha.xiaohashu.auth.DruidTests - publicKey: MFwwDQYJKoZIhvcNAQEBBQADSwAwSAJBAKfCYE3ygo2ogJgN5JEoZQBlPKiBHkodwa1FCYeeg3hiVFJHdPh6E/oWplQpXwO990/zMfPAAFCofxmVCbriAgMCAwEAAQ==
2025-05-21 20:09:28.649 [main] INFO  com.quanxiaoha.xiaohashu.auth.DruidTests - password: EstCRtx16/i2JxprWx3L35LWGuZjGCR9Um/JQpzy3mI9YS02o9EHjYq8nSdEF8nF4HB40/06B64XXYM5xEIH5w==
2025-05-21 20:09:28.676 [main] INFO  o.s.t.c.support.AnnotationConfigContextLoaderUtils - Could not detect default configuration classes for test class [com.quanxiaoha.xiaohashu.auth.XiaohashuAuthApplicationTests]: XiaohashuAuthApplicationTests does not declare any static, non-private, non-final, nested classes annotated with @Configuration.
2025-05-21 20:09:28.678 [main] INFO  o.s.b.t.context.SpringBootTestContextBootstrapper - Found @SpringBootConfiguration com.quanxiaoha.xiaohashu.auth.XiaohashuAuthApplication for test class com.quanxiaoha.xiaohashu.auth.XiaohashuAuthApplicationTests
2025-05-21 20:09:28.745 [main] DEBUG c.q.x.a.d.mapper.UserDOMapper.deleteByPrimaryKey - ==>  Preparing: delete from t_user where id = ?
2025-05-21 20:09:28.874 [main] DEBUG c.q.x.a.d.mapper.UserDOMapper.deleteByPrimaryKey - ==> Parameters: 1(Long)
2025-05-21 20:09:28.881 [main] DEBUG c.q.x.a.d.mapper.UserDOMapper.deleteByPrimaryKey - <==    Updates: 0
2025-05-21 20:09:28.887 [main] DEBUG c.q.x.auth.domain.mapper.UserDOMapper.insert - ==>  Preparing: insert into t_user (id, username, create_time, update_time) values (?, ?, ?, ?)
2025-05-21 20:09:28.951 [main] DEBUG c.q.x.auth.domain.mapper.UserDOMapper.insert - ==> Parameters: null, 犬小哈(String), 2025-05-21 20:09:28.887(Timestamp), 2025-05-21 20:09:28.887(Timestamp)
2025-05-21 20:09:28.962 [main] DEBUG c.q.x.auth.domain.mapper.UserDOMapper.insert - <==    Updates: 1
2025-05-21 20:09:28.968 [main] DEBUG c.q.x.a.d.mapper.UserDOMapper.selectByPrimaryKey - ==>  Preparing: select id, username, create_time, update_time from t_user where id = ?
2025-05-21 20:09:28.973 [main] DEBUG c.q.x.a.d.mapper.UserDOMapper.selectByPrimaryKey - ==> Parameters: 2(Long)
2025-05-21 20:09:28.988 [main] DEBUG c.q.x.a.d.mapper.UserDOMapper.selectByPrimaryKey - <==      Total: 1
2025-05-21 20:09:29.027 [main] INFO  c.q.xiaohashu.auth.XiaohashuAuthApplicationTests - User: {"id":2,"username":"犬小哈","createTime":1747749515000,"updateTime":1747749515000}
2025-05-21 20:09:29.039 [SpringApplicationShutdownHook] INFO  com.alibaba.druid.pool.DruidDataSource - {dataSource-1} closing ...
2025-05-21 20:09:29.045 [SpringApplicationShutdownHook] INFO  com.alibaba.druid.pool.DruidDataSource - {dataSource-1} closed
2025-05-21 21:20:11.013 [main] INFO  com.quanxiaoha.xiaohashu.auth.RedisTests - Starting RedisTests using Java 17.0.11 with PID 6972 (started by 29567 in D:\xiaohashu-project\xiaohashu\xiaohashu-auth)
2025-05-21 21:20:11.014 [main] INFO  com.quanxiaoha.xiaohashu.auth.RedisTests - The following 1 profile is active: "dev"
2025-05-21 21:20:11.540 [main] INFO  o.s.d.r.config.RepositoryConfigurationDelegate - Multiple Spring Data modules found, entering strict repository configuration mode
2025-05-21 21:20:11.543 [main] INFO  o.s.d.r.config.RepositoryConfigurationDelegate - Bootstrapping Spring Data Redis repositories in DEFAULT mode.
2025-05-21 21:20:11.578 [main] INFO  o.s.d.r.config.RepositoryConfigurationDelegate - Finished Spring Data repository scanning in 11 ms. Found 0 Redis repository interfaces.
2025-05-21 21:20:12.668 [main] INFO  c.a.d.s.b.a.DruidDataSourceAutoConfigure - Init DruidDataSource
2025-05-21 21:20:12.704 [main] WARN  o.s.w.context.support.GenericWebApplicationContext - Exception encountered during context initialization - cancelling refresh attempt: org.springframework.beans.factory.BeanCreationException: Error creating bean with name 'dataSource' defined in class path resource [com/alibaba/druid/spring/boot3/autoconfigure/DruidDataSourceAutoConfigure.class]: Failed to determine a suitable driver class
2025-05-21 21:20:12.732 [main] INFO  o.s.b.a.logging.ConditionEvaluationReportLogger - 

Error starting ApplicationContext. To display the condition evaluation report re-run your application with 'debug' enabled.
2025-05-21 21:20:12.751 [main] ERROR o.s.b.diagnostics.LoggingFailureAnalysisReporter - 

***************************
APPLICATION FAILED TO START
***************************

Description:

Failed to configure a DataSource: 'url' attribute is not specified and no embedded datasource could be configured.

Reason: Failed to determine a suitable driver class


Action:

Consider the following:
	If you want an embedded database (H2, HSQL or Derby), please put it on the classpath.
	If you have database settings to be loaded from a particular profile you may need to activate it (the profiles dev are currently active).

2025-05-21 21:20:12.757 [main] ERROR o.springframework.test.context.TestContextManager - Caught exception while allowing TestExecutionListener [org.springframework.test.context.web.ServletTestExecutionListener] to prepare test instance [com.quanxiaoha.xiaohashu.auth.RedisTests@173b1af1]
java.lang.IllegalStateException: Failed to load ApplicationContext for [WebMergedContextConfiguration@9f2376f testClass = com.quanxiaoha.xiaohashu.auth.RedisTests, locations = [], classes = [com.quanxiaoha.xiaohashu.auth.XiaohashuAuthApplication], contextInitializerClasses = [], activeProfiles = [], propertySourceLocations = [], propertySourceProperties = ["org.springframework.boot.test.context.SpringBootTestContextBootstrapper=true"], contextCustomizers = [org.springframework.boot.test.context.filter.ExcludeFilterContextCustomizer@49c7b90e, org.springframework.boot.test.json.DuplicateJsonObjectContextCustomizerFactory$DuplicateJsonObjectContextCustomizer@429bffaa, org.springframework.boot.test.mock.mockito.MockitoContextCustomizer@0, org.springframework.boot.test.web.client.TestRestTemplateContextCustomizer@71def8f8, org.springframework.boot.test.autoconfigure.actuate.observability.ObservabilityContextCustomizerFactory$DisableObservabilityContextCustomizer@9da1, org.springframework.boot.test.autoconfigure.properties.PropertyMappingContextCustomizer@0, org.springframework.boot.test.autoconfigure.web.servlet.WebDriverContextCustomizerFactory$Customizer@5d7148e2, org.springframework.boot.test.context.SpringBootTestAnnotation@d8d6d742], resourceBasePath = "src/main/webapp", contextLoader = org.springframework.boot.test.context.SpringBootContextLoader, parent = null]
	at org.springframework.test.context.cache.DefaultCacheAwareContextLoaderDelegate.loadContext(DefaultCacheAwareContextLoaderDelegate.java:142)
	at org.springframework.test.context.support.DefaultTestContext.getApplicationContext(DefaultTestContext.java:127)
	at org.springframework.test.context.web.ServletTestExecutionListener.setUpRequestContextIfNecessary(ServletTestExecutionListener.java:191)
	at org.springframework.test.context.web.ServletTestExecutionListener.prepareTestInstance(ServletTestExecutionListener.java:130)
	at org.springframework.test.context.TestContextManager.prepareTestInstance(TestContextManager.java:241)
	at org.springframework.test.context.junit.jupiter.SpringExtension.postProcessTestInstance(SpringExtension.java:138)
	at org.junit.jupiter.engine.descriptor.ClassBasedTestDescriptor.lambda$invokeTestInstancePostProcessors$10(ClassBasedTestDescriptor.java:377)
	at org.junit.jupiter.engine.descriptor.ClassBasedTestDescriptor.executeAndMaskThrowable(ClassBasedTestDescriptor.java:382)
	at org.junit.jupiter.engine.descriptor.ClassBasedTestDescriptor.lambda$invokeTestInstancePostProcessors$11(ClassBasedTestDescriptor.java:377)
	at java.base/java.util.stream.ReferencePipeline$3$1.accept(ReferencePipeline.java:197)
	at java.base/java.util.stream.ReferencePipeline$2$1.accept(ReferencePipeline.java:179)
	at java.base/java.util.ArrayList$ArrayListSpliterator.forEachRemaining(ArrayList.java:1625)
	at java.base/java.util.stream.AbstractPipeline.copyInto(AbstractPipeline.java:509)
	at java.base/java.util.stream.AbstractPipeline.wrapAndCopyInto(AbstractPipeline.java:499)
	at java.base/java.util.stream.StreamSpliterators$WrappingSpliterator.forEachRemaining(StreamSpliterators.java:310)
	at java.base/java.util.stream.Streams$ConcatSpliterator.forEachRemaining(Streams.java:735)
	at java.base/java.util.stream.Streams$ConcatSpliterator.forEachRemaining(Streams.java:734)
	at java.base/java.util.stream.ReferencePipeline$Head.forEach(ReferencePipeline.java:762)
	at org.junit.jupiter.engine.descriptor.ClassBasedTestDescriptor.invokeTestInstancePostProcessors(ClassBasedTestDescriptor.java:376)
	at org.junit.jupiter.engine.descriptor.ClassBasedTestDescriptor.lambda$instantiateAndPostProcessTestInstance$6(ClassBasedTestDescriptor.java:289)
	at org.junit.platform.engine.support.hierarchical.ThrowableCollector.execute(ThrowableCollector.java:73)
	at org.junit.jupiter.engine.descriptor.ClassBasedTestDescriptor.instantiateAndPostProcessTestInstance(ClassBasedTestDescriptor.java:288)
	at org.junit.jupiter.engine.descriptor.ClassBasedTestDescriptor.lambda$testInstancesProvider$4(ClassBasedTestDescriptor.java:278)
	at java.base/java.util.Optional.orElseGet(Optional.java:364)
	at org.junit.jupiter.engine.descriptor.ClassBasedTestDescriptor.lambda$testInstancesProvider$5(ClassBasedTestDescriptor.java:277)
	at org.junit.jupiter.engine.execution.TestInstancesProvider.getTestInstances(TestInstancesProvider.java:31)
	at org.junit.jupiter.engine.descriptor.TestMethodTestDescriptor.lambda$prepare$0(TestMethodTestDescriptor.java:105)
	at org.junit.platform.engine.support.hierarchical.ThrowableCollector.execute(ThrowableCollector.java:73)
	at org.junit.jupiter.engine.descriptor.TestMethodTestDescriptor.prepare(TestMethodTestDescriptor.java:104)
	at org.junit.jupiter.engine.descriptor.TestMethodTestDescriptor.prepare(TestMethodTestDescriptor.java:68)
	at org.junit.platform.engine.support.hierarchical.NodeTestTask.lambda$prepare$2(NodeTestTask.java:123)
	at org.junit.platform.engine.support.hierarchical.ThrowableCollector.execute(ThrowableCollector.java:73)
	at org.junit.platform.engine.support.hierarchical.NodeTestTask.prepare(NodeTestTask.java:123)
	at org.junit.platform.engine.support.hierarchical.NodeTestTask.execute(NodeTestTask.java:90)
	at java.base/java.util.ArrayList.forEach(ArrayList.java:1511)
	at org.junit.platform.engine.support.hierarchical.SameThreadHierarchicalTestExecutorService.invokeAll(SameThreadHierarchicalTestExecutorService.java:41)
	at org.junit.platform.engine.support.hierarchical.NodeTestTask.lambda$executeRecursively$6(NodeTestTask.java:155)
	at org.junit.platform.engine.support.hierarchical.ThrowableCollector.execute(ThrowableCollector.java:73)
	at org.junit.platform.engine.support.hierarchical.NodeTestTask.lambda$executeRecursively$8(NodeTestTask.java:141)
	at org.junit.platform.engine.support.hierarchical.Node.around(Node.java:137)
	at org.junit.platform.engine.support.hierarchical.NodeTestTask.lambda$executeRecursively$9(NodeTestTask.java:139)
	at org.junit.platform.engine.support.hierarchical.ThrowableCollector.execute(ThrowableCollector.java:73)
	at org.junit.platform.engine.support.hierarchical.NodeTestTask.executeRecursively(NodeTestTask.java:138)
	at org.junit.platform.engine.support.hierarchical.NodeTestTask.execute(NodeTestTask.java:95)
	at java.base/java.util.ArrayList.forEach(ArrayList.java:1511)
	at org.junit.platform.engine.support.hierarchical.SameThreadHierarchicalTestExecutorService.invokeAll(SameThreadHierarchicalTestExecutorService.java:41)
	at org.junit.platform.engine.support.hierarchical.NodeTestTask.lambda$executeRecursively$6(NodeTestTask.java:155)
	at org.junit.platform.engine.support.hierarchical.ThrowableCollector.execute(ThrowableCollector.java:73)
	at org.junit.platform.engine.support.hierarchical.NodeTestTask.lambda$executeRecursively$8(NodeTestTask.java:141)
	at org.junit.platform.engine.support.hierarchical.Node.around(Node.java:137)
	at org.junit.platform.engine.support.hierarchical.NodeTestTask.lambda$executeRecursively$9(NodeTestTask.java:139)
	at org.junit.platform.engine.support.hierarchical.ThrowableCollector.execute(ThrowableCollector.java:73)
	at org.junit.platform.engine.support.hierarchical.NodeTestTask.executeRecursively(NodeTestTask.java:138)
	at org.junit.platform.engine.support.hierarchical.NodeTestTask.execute(NodeTestTask.java:95)
	at org.junit.platform.engine.support.hierarchical.SameThreadHierarchicalTestExecutorService.submit(SameThreadHierarchicalTestExecutorService.java:35)
	at org.junit.platform.engine.support.hierarchical.HierarchicalTestExecutor.execute(HierarchicalTestExecutor.java:57)
	at org.junit.platform.engine.support.hierarchical.HierarchicalTestEngine.execute(HierarchicalTestEngine.java:54)
	at org.junit.platform.launcher.core.EngineExecutionOrchestrator.execute(EngineExecutionOrchestrator.java:147)
	at org.junit.platform.launcher.core.EngineExecutionOrchestrator.execute(EngineExecutionOrchestrator.java:127)
	at org.junit.platform.launcher.core.EngineExecutionOrchestrator.execute(EngineExecutionOrchestrator.java:90)
	at org.junit.platform.launcher.core.EngineExecutionOrchestrator.lambda$execute$0(EngineExecutionOrchestrator.java:55)
	at org.junit.platform.launcher.core.EngineExecutionOrchestrator.withInterceptedStreams(EngineExecutionOrchestrator.java:102)
	at org.junit.platform.launcher.core.EngineExecutionOrchestrator.execute(EngineExecutionOrchestrator.java:54)
	at org.junit.platform.launcher.core.DefaultLauncher.execute(DefaultLauncher.java:114)
	at org.junit.platform.launcher.core.DefaultLauncher.execute(DefaultLauncher.java:86)
	at org.junit.platform.launcher.core.DefaultLauncherSession$DelegatingLauncher.execute(DefaultLauncherSession.java:86)
	at org.junit.platform.launcher.core.SessionPerRequestLauncher.execute(SessionPerRequestLauncher.java:53)
	at com.intellij.junit5.JUnit5IdeaTestRunner.startRunnerWithArgs(JUnit5IdeaTestRunner.java:57)
	at com.intellij.rt.junit.IdeaTestRunner$Repeater$1.execute(IdeaTestRunner.java:38)
	at com.intellij.rt.execution.junit.TestsRepeater.repeat(TestsRepeater.java:11)
	at com.intellij.rt.junit.IdeaTestRunner$Repeater.startRunnerWithArgs(IdeaTestRunner.java:35)
	at com.intellij.rt.junit.JUnitStarter.prepareStreamsAndStart(JUnitStarter.java:232)
	at com.intellij.rt.junit.JUnitStarter.main(JUnitStarter.java:55)
Caused by: org.springframework.beans.factory.BeanCreationException: Error creating bean with name 'dataSource' defined in class path resource [com/alibaba/druid/spring/boot3/autoconfigure/DruidDataSourceAutoConfigure.class]: Failed to determine a suitable driver class
	at org.springframework.beans.factory.support.AbstractAutowireCapableBeanFactory.initializeBean(AbstractAutowireCapableBeanFactory.java:1751)
	at org.springframework.beans.factory.support.AbstractAutowireCapableBeanFactory.doCreateBean(AbstractAutowireCapableBeanFactory.java:599)
	at org.springframework.beans.factory.support.AbstractAutowireCapableBeanFactory.createBean(AbstractAutowireCapableBeanFactory.java:521)
	at org.springframework.beans.factory.support.AbstractBeanFactory.lambda$doGetBean$0(AbstractBeanFactory.java:326)
	at org.springframework.beans.factory.support.DefaultSingletonBeanRegistry.getSingleton(DefaultSingletonBeanRegistry.java:234)
	at org.springframework.beans.factory.support.AbstractBeanFactory.doGetBean(AbstractBeanFactory.java:324)
	at org.springframework.beans.factory.support.AbstractBeanFactory.getBean(AbstractBeanFactory.java:200)
	at org.springframework.beans.factory.support.DefaultListableBeanFactory.preInstantiateSingletons(DefaultListableBeanFactory.java:961)
	at org.springframework.context.support.AbstractApplicationContext.finishBeanFactoryInitialization(AbstractApplicationContext.java:915)
	at org.springframework.context.support.AbstractApplicationContext.refresh(AbstractApplicationContext.java:584)
	at org.springframework.boot.SpringApplication.refresh(SpringApplication.java:730)
	at org.springframework.boot.SpringApplication.refreshContext(SpringApplication.java:432)
	at org.springframework.boot.SpringApplication.run(SpringApplication.java:308)
	at org.springframework.boot.test.context.SpringBootContextLoader.lambda$loadContext$3(SpringBootContextLoader.java:137)
	at org.springframework.util.function.ThrowingSupplier.get(ThrowingSupplier.java:59)
	at org.springframework.util.function.ThrowingSupplier.get(ThrowingSupplier.java:47)
	at org.springframework.boot.SpringApplication.withHook(SpringApplication.java:1386)
	at org.springframework.boot.test.context.SpringBootContextLoader$ContextLoaderHook.run(SpringBootContextLoader.java:543)
	at org.springframework.boot.test.context.SpringBootContextLoader.loadContext(SpringBootContextLoader.java:137)
	at org.springframework.boot.test.context.SpringBootContextLoader.loadContext(SpringBootContextLoader.java:108)
	at org.springframework.test.context.cache.DefaultCacheAwareContextLoaderDelegate.loadContextInternal(DefaultCacheAwareContextLoaderDelegate.java:184)
	at org.springframework.test.context.cache.DefaultCacheAwareContextLoaderDelegate.loadContext(DefaultCacheAwareContextLoaderDelegate.java:118)
	... 72 common frames omitted
Caused by: org.springframework.boot.autoconfigure.jdbc.DataSourceProperties$DataSourceBeanCreationException: Failed to determine a suitable driver class
	at org.springframework.boot.autoconfigure.jdbc.DataSourceProperties.determineDriverClassName(DataSourceProperties.java:182)
	at org.springframework.boot.autoconfigure.jdbc.DataSourceProperties.determineUsername(DataSourceProperties.java:277)
	at com.alibaba.druid.spring.boot3.autoconfigure.DruidDataSourceWrapper.afterPropertiesSet(DruidDataSourceWrapper.java:40)
	at org.springframework.beans.factory.support.AbstractAutowireCapableBeanFactory.invokeInitMethods(AbstractAutowireCapableBeanFactory.java:1797)
	at org.springframework.beans.factory.support.AbstractAutowireCapableBeanFactory.initializeBean(AbstractAutowireCapableBeanFactory.java:1747)
	... 93 common frames omitted
2025-05-21 21:21:42.959 [main] INFO  com.quanxiaoha.xiaohashu.auth.RedisTests - Starting RedisTests using Java 17.0.11 with PID 1120 (started by 29567 in D:\xiaohashu-project\xiaohashu\xiaohashu-auth)
2025-05-21 21:21:42.960 [main] INFO  com.quanxiaoha.xiaohashu.auth.RedisTests - The following 1 profile is active: "dev"
2025-05-21 21:21:43.467 [main] INFO  o.s.d.r.config.RepositoryConfigurationDelegate - Multiple Spring Data modules found, entering strict repository configuration mode
2025-05-21 21:21:43.469 [main] INFO  o.s.d.r.config.RepositoryConfigurationDelegate - Bootstrapping Spring Data Redis repositories in DEFAULT mode.
2025-05-21 21:21:43.494 [main] INFO  o.s.d.r.config.RepositoryConfigurationDelegate - Finished Spring Data repository scanning in 9 ms. Found 0 Redis repository interfaces.
2025-05-21 21:21:44.632 [main] INFO  c.a.d.s.b.a.DruidDataSourceAutoConfigure - Init DruidDataSource
2025-05-21 21:21:45.033 [main] INFO  com.alibaba.druid.pool.DruidDataSource - {dataSource-1} inited
2025-05-21 21:21:45.515 [main] INFO  com.quanxiaoha.xiaohashu.auth.RedisTests - Started RedisTests in 2.87 seconds (process running for 3.602)
2025-05-21 21:21:46.343 [SpringApplicationShutdownHook] INFO  com.alibaba.druid.pool.DruidDataSource - {dataSource-1} closing ...
2025-05-21 21:21:46.349 [SpringApplicationShutdownHook] INFO  com.alibaba.druid.pool.DruidDataSource - {dataSource-1} closed
2025-05-21 21:22:47.142 [main] INFO  com.quanxiaoha.xiaohashu.auth.RedisTests - Starting RedisTests using Java 17.0.11 with PID 30244 (started by 29567 in D:\xiaohashu-project\xiaohashu\xiaohashu-auth)
2025-05-21 21:22:47.144 [main] INFO  com.quanxiaoha.xiaohashu.auth.RedisTests - The following 1 profile is active: "dev"
2025-05-21 21:22:47.668 [main] INFO  o.s.d.r.config.RepositoryConfigurationDelegate - Multiple Spring Data modules found, entering strict repository configuration mode
2025-05-21 21:22:47.670 [main] INFO  o.s.d.r.config.RepositoryConfigurationDelegate - Bootstrapping Spring Data Redis repositories in DEFAULT mode.
2025-05-21 21:22:47.695 [main] INFO  o.s.d.r.config.RepositoryConfigurationDelegate - Finished Spring Data repository scanning in 9 ms. Found 0 Redis repository interfaces.
2025-05-21 21:22:48.823 [main] INFO  c.a.d.s.b.a.DruidDataSourceAutoConfigure - Init DruidDataSource
2025-05-21 21:22:49.169 [main] INFO  com.alibaba.druid.pool.DruidDataSource - {dataSource-1} inited
2025-05-21 21:22:49.679 [main] INFO  com.quanxiaoha.xiaohashu.auth.RedisTests - Started RedisTests in 2.858 seconds (process running for 3.583)
2025-05-21 21:22:50.503 [main] INFO  com.quanxiaoha.xiaohashu.auth.RedisTests - key 是否存在：true
2025-05-21 21:22:50.514 [SpringApplicationShutdownHook] INFO  com.alibaba.druid.pool.DruidDataSource - {dataSource-1} closing ...
2025-05-21 21:22:50.522 [SpringApplicationShutdownHook] INFO  com.alibaba.druid.pool.DruidDataSource - {dataSource-1} closed
2025-05-21 21:22:54.899 [main] INFO  com.quanxiaoha.xiaohashu.auth.RedisTests - Starting RedisTests using Java 17.0.11 with PID 20036 (started by 29567 in D:\xiaohashu-project\xiaohashu\xiaohashu-auth)
2025-05-21 21:22:54.901 [main] INFO  com.quanxiaoha.xiaohashu.auth.RedisTests - The following 1 profile is active: "dev"
2025-05-21 21:22:55.381 [main] INFO  o.s.d.r.config.RepositoryConfigurationDelegate - Multiple Spring Data modules found, entering strict repository configuration mode
2025-05-21 21:22:55.383 [main] INFO  o.s.d.r.config.RepositoryConfigurationDelegate - Bootstrapping Spring Data Redis repositories in DEFAULT mode.
2025-05-21 21:22:55.410 [main] INFO  o.s.d.r.config.RepositoryConfigurationDelegate - Finished Spring Data repository scanning in 11 ms. Found 0 Redis repository interfaces.
2025-05-21 21:22:56.547 [main] INFO  c.a.d.s.b.a.DruidDataSourceAutoConfigure - Init DruidDataSource
2025-05-21 21:22:56.908 [main] INFO  com.alibaba.druid.pool.DruidDataSource - {dataSource-1} inited
2025-05-21 21:22:57.394 [main] INFO  com.quanxiaoha.xiaohashu.auth.RedisTests - Started RedisTests in 2.794 seconds (process running for 3.553)
2025-05-21 21:22:58.385 [main] INFO  com.quanxiaoha.xiaohashu.auth.RedisTests - value 值：犬小哈
2025-05-21 21:22:58.395 [SpringApplicationShutdownHook] INFO  com.alibaba.druid.pool.DruidDataSource - {dataSource-1} closing ...
2025-05-21 21:22:58.400 [SpringApplicationShutdownHook] INFO  com.alibaba.druid.pool.DruidDataSource - {dataSource-1} closed
2025-05-21 21:23:08.852 [main] INFO  com.quanxiaoha.xiaohashu.auth.RedisTests - Starting RedisTests using Java 17.0.11 with PID 14304 (started by 29567 in D:\xiaohashu-project\xiaohashu\xiaohashu-auth)
2025-05-21 21:23:08.853 [main] INFO  com.quanxiaoha.xiaohashu.auth.RedisTests - The following 1 profile is active: "dev"
2025-05-21 21:23:09.346 [main] INFO  o.s.d.r.config.RepositoryConfigurationDelegate - Multiple Spring Data modules found, entering strict repository configuration mode
2025-05-21 21:23:09.348 [main] INFO  o.s.d.r.config.RepositoryConfigurationDelegate - Bootstrapping Spring Data Redis repositories in DEFAULT mode.
2025-05-21 21:23:09.376 [main] INFO  o.s.d.r.config.RepositoryConfigurationDelegate - Finished Spring Data repository scanning in 10 ms. Found 0 Redis repository interfaces.
2025-05-21 21:23:10.478 [main] INFO  c.a.d.s.b.a.DruidDataSourceAutoConfigure - Init DruidDataSource
2025-05-21 21:23:10.798 [main] INFO  com.alibaba.druid.pool.DruidDataSource - {dataSource-1} inited
2025-05-21 21:23:11.242 [main] INFO  com.quanxiaoha.xiaohashu.auth.RedisTests - Started RedisTests in 2.728 seconds (process running for 3.505)
2025-05-21 21:23:12.125 [SpringApplicationShutdownHook] INFO  com.alibaba.druid.pool.DruidDataSource - {dataSource-1} closing ...
2025-05-21 21:23:12.132 [SpringApplicationShutdownHook] INFO  com.alibaba.druid.pool.DruidDataSource - {dataSource-1} closed
